

Started GET "/" for 127.0.0.1 at 2013-01-28 10:21:46 -0500
Connecting to database specified by database.yml
Processing by HomeController#index as HTML
  Rendered home/index.html.erb within layouts/application (2.8ms)
Compiled home.css  (35ms)  (pid 504)
Compiled photos.css  (1ms)  (pid 504)
Compiled scaffolds.css  (12ms)  (pid 504)
Compiled application.css  (92ms)  (pid 504)
Compiled jquery.js  (1ms)  (pid 504)
Compiled jquery_ujs.js  (0ms)  (pid 504)
Compiled home.js  (206ms)  (pid 504)
Compiled photos.js  (55ms)  (pid 504)
Compiled application.js  (307ms)  (pid 504)
Completed 200 OK in 529ms (Views: 528.3ms | ActiveRecord: 0.0ms)


Started GET "/assets/photos.css?body=1" for 127.0.0.1 at 2013-01-28 10:21:47 -0500
Served asset /photos.css - 200 OK (2ms)


Started GET "/assets/home.css?body=1" for 127.0.0.1 at 2013-01-28 10:21:47 -0500
Served asset /home.css - 200 OK (2ms)


Started GET "/assets/home.js?body=1" for 127.0.0.1 at 2013-01-28 10:21:47 -0500
Served asset /home.js - 200 OK (1ms)


Started GET "/assets/jquery_ujs.js?body=1" for 127.0.0.1 at 2013-01-28 10:21:47 -0500
Served asset /jquery_ujs.js - 200 OK (1ms)


Started GET "/assets/photos.js?body=1" for 127.0.0.1 at 2013-01-28 10:21:47 -0500
Served asset /photos.js - 200 OK (2ms)


Started GET "/assets/jquery.js?body=1" for 127.0.0.1 at 2013-01-28 10:21:47 -0500
Served asset /jquery.js - 200 OK (1ms)


Started GET "/assets/scaffolds.css?body=1" for 127.0.0.1 at 2013-01-28 10:21:47 -0500
Served asset /scaffolds.css - 200 OK (1ms)


Started GET "/assets/application.js?body=1" for 127.0.0.1 at 2013-01-28 10:21:47 -0500
Served asset /application.js - 200 OK (25ms)


Started GET "/assets/application.css?body=1" for 127.0.0.1 at 2013-01-28 10:21:47 -0500
Served asset /application.css - 200 OK (4ms)


Started GET "/photos" for 127.0.0.1 at 2013-01-28 10:21:52 -0500
Processing by PhotosController#index as HTML
Completed 500 Internal Server Error in 86ms

ActiveRecord::StatementInvalid (Could not find table 'photos'):
  app/controllers/photos_controller.rb:5:in `index'


  Rendered /Users/josevasquez/.rvm/gems/ruby-1.9.3-p327/gems/actionpack-3.2.9/lib/action_dispatch/middleware/templates/rescues/_trace.erb (1.1ms)
  Rendered /Users/josevasquez/.rvm/gems/ruby-1.9.3-p327/gems/actionpack-3.2.9/lib/action_dispatch/middleware/templates/rescues/_request_and_response.erb (0.8ms)
  Rendered /Users/josevasquez/.rvm/gems/ruby-1.9.3-p327/gems/actionpack-3.2.9/lib/action_dispatch/middleware/templates/rescues/diagnostics.erb within rescues/layout (8.8ms)


Started GET "/photos" for 127.0.0.1 at 2013-01-30 10:51:38 -0500
Connecting to database specified by database.yml
Processing by PhotosController#index as HTML
Completed 500 Internal Server Error in 41ms

ActiveRecord::StatementInvalid (Could not find table 'photos'):
  app/controllers/photos_controller.rb:5:in `index'


  Rendered /Users/josevasquez/.rvm/gems/ruby-1.9.3-p327/gems/actionpack-3.2.9/lib/action_dispatch/middleware/templates/rescues/_trace.erb (1.0ms)
  Rendered /Users/josevasquez/.rvm/gems/ruby-1.9.3-p327/gems/actionpack-3.2.9/lib/action_dispatch/middleware/templates/rescues/_request_and_response.erb (0.7ms)
  Rendered /Users/josevasquez/.rvm/gems/ruby-1.9.3-p327/gems/actionpack-3.2.9/lib/action_dispatch/middleware/templates/rescues/diagnostics.erb within rescues/layout (8.3ms)


Started GET "/" for 127.0.0.1 at 2013-01-30 10:51:45 -0500
Processing by HomeController#index as HTML
  Rendered home/index.html.erb within layouts/application (0.8ms)
Completed 200 OK in 372ms (Views: 372.1ms | ActiveRecord: 0.0ms)


Started GET "/assets/application.css?body=1" for 127.0.0.1 at 2013-01-30 10:51:46 -0500
Served asset /application.css - 304 Not Modified (7ms)


Started GET "/assets/home.css?body=1" for 127.0.0.1 at 2013-01-30 10:51:46 -0500
Served asset /home.css - 304 Not Modified (1ms)


Started GET "/assets/photos.css?body=1" for 127.0.0.1 at 2013-01-30 10:51:46 -0500
Served asset /photos.css - 304 Not Modified (1ms)


Started GET "/assets/scaffolds.css?body=1" for 127.0.0.1 at 2013-01-30 10:51:46 -0500
Served asset /scaffolds.css - 304 Not Modified (3ms)


Started GET "/assets/jquery.js?body=1" for 127.0.0.1 at 2013-01-30 10:51:46 -0500
Served asset /jquery.js - 304 Not Modified (7ms)


Started GET "/assets/jquery_ujs.js?body=1" for 127.0.0.1 at 2013-01-30 10:51:46 -0500
Served asset /jquery_ujs.js - 304 Not Modified (1ms)


Started GET "/assets/home.js?body=1" for 127.0.0.1 at 2013-01-30 10:51:46 -0500
Served asset /home.js - 304 Not Modified (1ms)


Started GET "/assets/photos.js?body=1" for 127.0.0.1 at 2013-01-30 10:51:46 -0500
Served asset /photos.js - 304 Not Modified (1ms)


Started GET "/assets/application.js?body=1" for 127.0.0.1 at 2013-01-30 10:51:46 -0500
Served asset /application.js - 304 Not Modified (27ms)


Started GET "/photos" for 127.0.0.1 at 2013-01-30 10:51:50 -0500
Processing by PhotosController#index as HTML
Completed 500 Internal Server Error in 1ms

ActiveRecord::StatementInvalid (Could not find table 'photos'):
  app/controllers/photos_controller.rb:5:in `index'


  Rendered /Users/josevasquez/.rvm/gems/ruby-1.9.3-p327/gems/actionpack-3.2.9/lib/action_dispatch/middleware/templates/rescues/_trace.erb (1.0ms)
  Rendered /Users/josevasquez/.rvm/gems/ruby-1.9.3-p327/gems/actionpack-3.2.9/lib/action_dispatch/middleware/templates/rescues/_request_and_response.erb (0.7ms)
  Rendered /Users/josevasquez/.rvm/gems/ruby-1.9.3-p327/gems/actionpack-3.2.9/lib/action_dispatch/middleware/templates/rescues/diagnostics.erb within rescues/layout (6.6ms)


Started GET "/photos" for 127.0.0.1 at 2013-01-30 10:55:33 -0500
Connecting to database specified by database.yml
Processing by PhotosController#index as HTML
Completed 500 Internal Server Error in 14ms

ActiveRecord::StatementInvalid (Could not find table 'photos'):
  app/controllers/photos_controller.rb:5:in `index'


  Rendered /Users/josevasquez/.rvm/gems/ruby-1.9.3-p327/gems/actionpack-3.2.9/lib/action_dispatch/middleware/templates/rescues/_trace.erb (1.1ms)
  Rendered /Users/josevasquez/.rvm/gems/ruby-1.9.3-p327/gems/actionpack-3.2.9/lib/action_dispatch/middleware/templates/rescues/_request_and_response.erb (0.7ms)
  Rendered /Users/josevasquez/.rvm/gems/ruby-1.9.3-p327/gems/actionpack-3.2.9/lib/action_dispatch/middleware/templates/rescues/diagnostics.erb within rescues/layout (11.2ms)
Connecting to database specified by database.yml
  [1m[36m (10.2ms)[0m  [1mselect sqlite_version(*)[0m
  [1m[35m (2.6ms)[0m  CREATE TABLE "schema_migrations" ("version" varchar(255) NOT NULL) 
  [1m[36m (1.7ms)[0m  [1mCREATE UNIQUE INDEX "unique_schema_migrations" ON "schema_migrations" ("version")[0m
  [1m[35m (1.1ms)[0m  SELECT "schema_migrations"."version" FROM "schema_migrations" 
Migrating to CreatePhotos (20130116194934)
  [1m[36m (0.0ms)[0m  [1mbegin transaction[0m
  [1m[35m (0.5ms)[0m  CREATE TABLE "photos" ("id" INTEGER PRIMARY KEY AUTOINCREMENT NOT NULL, "name" varchar(255), "description" varchar(255), "created_at" datetime NOT NULL, "updated_at" datetime NOT NULL) 
  [1m[36m (0.1ms)[0m  [1mINSERT INTO "schema_migrations" ("version") VALUES ('20130116194934')[0m
  [1m[35m (2.0ms)[0m  commit transaction
Migrating to AddImageToPhotos (20130116195032)
  [1m[36m (0.1ms)[0m  [1mbegin transaction[0m
  [1m[35m (17.5ms)[0m  ALTER TABLE "photos" ADD "image" varchar(255)
  [1m[36m (0.1ms)[0m  [1mINSERT INTO "schema_migrations" ("version") VALUES ('20130116195032')[0m
  [1m[35m (2.1ms)[0m  commit transaction
  [1m[36m (0.1ms)[0m  [1mSELECT "schema_migrations"."version" FROM "schema_migrations" [0m


Started GET "/" for 127.0.0.1 at 2013-01-30 10:56:41 -0500
Connecting to database specified by database.yml
Processing by HomeController#index as HTML
  Rendered home/index.html.erb within layouts/application (2.1ms)
Completed 200 OK in 43ms (Views: 42.5ms | ActiveRecord: 0.0ms)


Started GET "/assets/application.css?body=1" for 127.0.0.1 at 2013-01-30 10:56:41 -0500
Served asset /application.css - 304 Not Modified (7ms)


Started GET "/assets/home.css?body=1" for 127.0.0.1 at 2013-01-30 10:56:41 -0500
Served asset /home.css - 304 Not Modified (1ms)


Started GET "/assets/photos.css?body=1" for 127.0.0.1 at 2013-01-30 10:56:41 -0500
Served asset /photos.css - 304 Not Modified (3ms)


Started GET "/assets/scaffolds.css?body=1" for 127.0.0.1 at 2013-01-30 10:56:41 -0500
Served asset /scaffolds.css - 304 Not Modified (1ms)


Started GET "/assets/jquery.js?body=1" for 127.0.0.1 at 2013-01-30 10:56:41 -0500
Served asset /jquery.js - 304 Not Modified (20ms)


Started GET "/assets/jquery_ujs.js?body=1" for 127.0.0.1 at 2013-01-30 10:56:41 -0500
Served asset /jquery_ujs.js - 304 Not Modified (2ms)


Started GET "/assets/home.js?body=1" for 127.0.0.1 at 2013-01-30 10:56:41 -0500
Served asset /home.js - 304 Not Modified (1ms)


Started GET "/assets/photos.js?body=1" for 127.0.0.1 at 2013-01-30 10:56:41 -0500
Served asset /photos.js - 304 Not Modified (1ms)


Started GET "/assets/application.js?body=1" for 127.0.0.1 at 2013-01-30 10:56:41 -0500
Served asset /application.js - 304 Not Modified (5ms)


Started GET "/photos" for 127.0.0.1 at 2013-01-30 10:56:43 -0500
Processing by PhotosController#index as HTML
  [1m[36mPhoto Load (0.1ms)[0m  [1mSELECT "photos".* FROM "photos" [0m
  Rendered photos/index.html.erb within layouts/application (1.1ms)
Completed 200 OK in 55ms (Views: 39.2ms | ActiveRecord: 1.6ms)


Started GET "/assets/application.css?body=1" for 127.0.0.1 at 2013-01-30 10:56:43 -0500
Served asset /application.css - 304 Not Modified (0ms)


Started GET "/assets/home.css?body=1" for 127.0.0.1 at 2013-01-30 10:56:43 -0500
Served asset /home.css - 304 Not Modified (0ms)


Started GET "/assets/jquery.js?body=1" for 127.0.0.1 at 2013-01-30 10:56:43 -0500
Served asset /jquery.js - 304 Not Modified (0ms)


Started GET "/assets/photos.css?body=1" for 127.0.0.1 at 2013-01-30 10:56:43 -0500
Served asset /photos.css - 304 Not Modified (0ms)


Started GET "/assets/scaffolds.css?body=1" for 127.0.0.1 at 2013-01-30 10:56:43 -0500
Served asset /scaffolds.css - 304 Not Modified (0ms)


Started GET "/assets/jquery_ujs.js?body=1" for 127.0.0.1 at 2013-01-30 10:56:43 -0500
Served asset /jquery_ujs.js - 304 Not Modified (0ms)


Started GET "/assets/home.js?body=1" for 127.0.0.1 at 2013-01-30 10:56:43 -0500
Served asset /home.js - 304 Not Modified (0ms)


Started GET "/assets/photos.js?body=1" for 127.0.0.1 at 2013-01-30 10:56:43 -0500
Served asset /photos.js - 304 Not Modified (0ms)


Started GET "/assets/application.js?body=1" for 127.0.0.1 at 2013-01-30 10:56:43 -0500
Served asset /application.js - 304 Not Modified (0ms)


Started GET "/photos/new" for 127.0.0.1 at 2013-01-30 10:56:45 -0500
Processing by PhotosController#new as HTML
  Rendered photos/_form.html.erb (68.5ms)
  Rendered photos/new.html.erb within layouts/application (87.2ms)
Completed 200 OK in 112ms (Views: 107.0ms | ActiveRecord: 0.0ms)


Started GET "/assets/application.css?body=1" for 127.0.0.1 at 2013-01-30 10:56:45 -0500
Served asset /application.css - 304 Not Modified (0ms)


Started GET "/assets/photos.css?body=1" for 127.0.0.1 at 2013-01-30 10:56:45 -0500
Served asset /photos.css - 304 Not Modified (0ms)


Started GET "/assets/jquery_ujs.js?body=1" for 127.0.0.1 at 2013-01-30 10:56:45 -0500
Served asset /jquery_ujs.js - 304 Not Modified (0ms)


Started GET "/assets/jquery.js?body=1" for 127.0.0.1 at 2013-01-30 10:56:45 -0500
Served asset /jquery.js - 304 Not Modified (0ms)


Started GET "/assets/scaffolds.css?body=1" for 127.0.0.1 at 2013-01-30 10:56:45 -0500
Served asset /scaffolds.css - 304 Not Modified (0ms)


Started GET "/assets/home.css?body=1" for 127.0.0.1 at 2013-01-30 10:56:45 -0500
Served asset /home.css - 304 Not Modified (0ms)


Started GET "/assets/home.js?body=1" for 127.0.0.1 at 2013-01-30 10:56:45 -0500
Served asset /home.js - 304 Not Modified (0ms)


Started GET "/assets/photos.js?body=1" for 127.0.0.1 at 2013-01-30 10:56:45 -0500
Served asset /photos.js - 304 Not Modified (0ms)


Started GET "/assets/application.js?body=1" for 127.0.0.1 at 2013-01-30 10:56:45 -0500
Served asset /application.js - 304 Not Modified (0ms)


Started GET "/photos" for 127.0.0.1 at 2013-01-30 10:56:47 -0500
Processing by PhotosController#index as HTML
  [1m[35mPhoto Load (0.1ms)[0m  SELECT "photos".* FROM "photos" 
  Rendered photos/index.html.erb within layouts/application (0.2ms)
Completed 200 OK in 6ms (Views: 4.9ms | ActiveRecord: 0.1ms)


Started GET "/assets/scaffolds.css?body=1" for 127.0.0.1 at 2013-01-30 10:56:47 -0500
Served asset /scaffolds.css - 304 Not Modified (0ms)


Started GET "/assets/photos.css?body=1" for 127.0.0.1 at 2013-01-30 10:56:47 -0500
Served asset /photos.css - 304 Not Modified (0ms)


Started GET "/assets/home.css?body=1" for 127.0.0.1 at 2013-01-30 10:56:47 -0500
Served asset /home.css - 304 Not Modified (0ms)


Started GET "/assets/application.css?body=1" for 127.0.0.1 at 2013-01-30 10:56:47 -0500
Served asset /application.css - 304 Not Modified (0ms)


Started GET "/assets/jquery.js?body=1" for 127.0.0.1 at 2013-01-30 10:56:47 -0500
Served asset /jquery.js - 304 Not Modified (0ms)


Started GET "/assets/jquery_ujs.js?body=1" for 127.0.0.1 at 2013-01-30 10:56:47 -0500
Served asset /jquery_ujs.js - 304 Not Modified (0ms)


Started GET "/assets/home.js?body=1" for 127.0.0.1 at 2013-01-30 10:56:47 -0500
Served asset /home.js - 304 Not Modified (0ms)


Started GET "/assets/photos.js?body=1" for 127.0.0.1 at 2013-01-30 10:56:47 -0500
Served asset /photos.js - 304 Not Modified (0ms)


Started GET "/assets/application.js?body=1" for 127.0.0.1 at 2013-01-30 10:56:47 -0500
Served asset /application.js - 304 Not Modified (0ms)
